<?xml version="1.0" encoding="UTF-8"?>
<!-- Generated by org.testng.reporters.JUnitXMLReporter -->
<testsuite hostname="IN01N03286" name="Test" tests="1" failures="0" timestamp="13 Jul 2021 19:24:01 GMT" time="0.216" errors="0">
  <testcase name="@BeforeClass setUpClass" time="0.0" classname="testRunner.TestRunner">
    <failure type="cucumber.runtime.DuplicateStepDefinitionException" message="Duplicate step definitions in stepDefinitions.MyStepDefinitions.user_is_in_home_page() in file:/C:/Users/marelli.mohan/OneDrive%20-%20GVC%20Group/Desktop/Selenium/Workspace/bddframeword/target/test-classes/ and stepDefinitions.MyStepDefinitions2.user_is_in_home_page() in file:/C:/Users/marelli.mohan/OneDrive%20-%20GVC%20Group/Desktop/Selenium/Workspace/bddframeword/target/test-classes/">
      <![CDATA[cucumber.runtime.DuplicateStepDefinitionException: Duplicate step definitions in stepDefinitions.MyStepDefinitions.user_is_in_home_page() in file:/C:/Users/marelli.mohan/OneDrive%20-%20GVC%20Group/Desktop/Selenium/Workspace/bddframeword/target/test-classes/ and stepDefinitions.MyStepDefinitions2.user_is_in_home_page() in file:/C:/Users/marelli.mohan/OneDrive%20-%20GVC%20Group/Desktop/Selenium/Workspace/bddframeword/target/test-classes/
	at cucumber.runtime.RuntimeGlue.addStepDefinition(RuntimeGlue.java:33)
	at cucumber.runtime.java.JavaBackend.addStepDefinition(JavaBackend.java:151)
	at cucumber.runtime.java.MethodScanner.scan(MethodScanner.java:68)
	at cucumber.runtime.java.MethodScanner.scan(MethodScanner.java:41)
	at cucumber.runtime.java.JavaBackend.loadGlue(JavaBackend.java:86)
	at cucumber.runtime.Runtime.<init>(Runtime.java:92)
	at cucumber.runtime.Runtime.<init>(Runtime.java:70)
	at cucumber.runtime.Runtime.<init>(Runtime.java:66)
	at cucumber.api.testng.TestNGCucumberRunner.<init>(TestNGCucumberRunner.java:42)
	at cucumber.api.testng.AbstractTestNGCucumberTests.setUpClass(AbstractTestNGCucumberTests.java:16)
... Removed 24 stack frames]]>
    </failure>
  </testcase> <!-- @BeforeClass setUpClass -->
  <testcase name="@AfterClass tearDownClass" time="0.0" classname="testRunner.TestRunner">
    <failure type="java.lang.NullPointerException">
      <![CDATA[java.lang.NullPointerException
	at cucumber.api.testng.AbstractTestNGCucumberTests.tearDownClass(AbstractTestNGCucumberTests.java:34)
... Removed 24 stack frames]]>
    </failure>
  </testcase> <!-- @AfterClass tearDownClass -->
  <testcase name="feature" time="0.0" classname="testRunner.TestRunner">
    <skipped/>
  </testcase> <!-- feature -->
</testsuite> <!-- Test -->
